<?xml version="1.0" encoding="UTF-8"?>
<!-- Generated by org.testng.reporters.JUnitXMLReporter -->
<testsuite hostname="ASDP1752PO02529" ignored="0" name="Default test" tests="5" failures="0" timestamp="25 Jul 2017 10:31:11 GMT" time="96.018" errors="0">
  <testcase name="gridgate" time="1.749" classname="com.qainfotech.Assignment_tatoc.Basic"/>
  <testcase name="frame_dungeon" time="87.158" classname="com.qainfotech.Assignment_tatoc.Basic"/>
  <testcase name="dragaround" time="2.28" classname="com.qainfotech.Assignment_tatoc.Basic"/>
  <testcase name="launchpopup" time="1.485" classname="com.qainfotech.Assignment_tatoc.Basic"/>
  <testcase name="cookiehandling" time="0.299" classname="com.qainfotech.Assignment_tatoc.Basic"/>
</testsuite> <!-- Default test -->
